<?xml version="1.0" encoding="UTF-8"?>
<!-- Generated by org.testng.reporters.JUnitXMLReporter -->
<testsuite hostname="DESKTOP-DE2ALEL" ignored="0" name="Command line test" tests="11" failures="1" timestamp="2023-07-17T16:44:35 BST" time="231.798" errors="0">
  <testcase name="verifyThatUserShouldLoginAndLogoutSuccessfully" time="2.805" classname="com.tutorialninja.testsuite.AccountLoginPageTest"/>
  <testcase name="verifyUserShouldNavigateToLoginPageSuccessfully" time="0.632" classname="com.tutorialninja.testsuite.AccountLoginPageTest"/>
  <testcase name="verifyThatUserRegisterAccountSuccessfully" time="42.373" classname="com.tutorialninja.testsuite.AccountRegisterPageTest">
    <failure type="org.openqa.selenium.NoSuchElementException" message="no such element: Unable to locate element: {&amp;quot;method&amp;quot;:&amp;quot;xpath&amp;quot;,&amp;quot;selector&amp;quot;:&amp;quot;//h1[contains(text(),&amp;apos;Your Account Has Been Created!&amp;apos;)]&amp;quot;}
  (Session info: chrome=114.0.5735.199)
For documentation on this error, please visit: https://selenium.dev/exceptions/#no_such_element
Build info: version: &amp;apos;4.9.0&amp;apos;, revision: &amp;apos;d7057100a6&amp;apos;
System info: os.name: &amp;apos;Windows 10&amp;apos;, os.arch: &amp;apos;amd64&amp;apos;, os.version: &amp;apos;10.0&amp;apos;, java.version: &amp;apos;1.8.0_121&amp;apos;
Driver info: org.openqa.selenium.chrome.ChromeDriver
Command: [19bc4fc7f60792a3dbe59d1ab67b0750, findElement {using=xpath, value=//h1[contains(text(),&amp;apos;Your Account Has Been Created!&amp;apos;)]}]
Capabilities {acceptInsecureCerts: false, browserName: chrome, browserVersion: 114.0.5735.199, chrome: {chromedriverVersion: 114.0.5735.90 (386bc09e8f4f..., userDataDir: C:\Users\Prash\AppData\Loca...}, goog:chromeOptions: {debuggerAddress: localhost:60284}, networkConnectionEnabled: false, pageLoadStrategy: normal, platformName: WINDOWS, proxy: Proxy(), se:cdp: ws://localhost:60284/devtoo..., se:cdpVersion: 114.0.5735.199, setWindowRect: true, strictFileInteractability: false, timeouts: {implicit: 0, pageLoad: 300000, script: 30000}, unhandledPromptBehavior: dismiss and notify, webauthn:extension:credBlob: true, webauthn:extension:largeBlob: true, webauthn:extension:minPinLength: true, webauthn:extension:prf: true, webauthn:virtualAuthenticators: true}
Session ID: 19bc4fc7f60792a3dbe59d1ab67b0750">
      <![CDATA[org.openqa.selenium.NoSuchElementException: no such element: Unable to locate element: {"method":"xpath","selector":"//h1[contains(text(),'Your Account Has Been Created!')]"}
  (Session info: chrome=114.0.5735.199)
For documentation on this error, please visit: https://selenium.dev/exceptions/#no_such_element
Build info: version: '4.9.0', revision: 'd7057100a6'
System info: os.name: 'Windows 10', os.arch: 'amd64', os.version: '10.0', java.version: '1.8.0_121'
Driver info: org.openqa.selenium.chrome.ChromeDriver
Command: [19bc4fc7f60792a3dbe59d1ab67b0750, findElement {using=xpath, value=//h1[contains(text(),'Your Account Has Been Created!')]}]
Capabilities {acceptInsecureCerts: false, browserName: chrome, browserVersion: 114.0.5735.199, chrome: {chromedriverVersion: 114.0.5735.90 (386bc09e8f4f..., userDataDir: C:\Users\Prash\AppData\Loca...}, goog:chromeOptions: {debuggerAddress: localhost:60284}, networkConnectionEnabled: false, pageLoadStrategy: normal, platformName: WINDOWS, proxy: Proxy(), se:cdp: ws://localhost:60284/devtoo..., se:cdpVersion: 114.0.5735.199, setWindowRect: true, strictFileInteractability: false, timeouts: {implicit: 0, pageLoad: 300000, script: 30000}, unhandledPromptBehavior: dismiss and notify, webauthn:extension:credBlob: true, webauthn:extension:largeBlob: true, webauthn:extension:minPinLength: true, webauthn:extension:prf: true, webauthn:virtualAuthenticators: true}
Session ID: 19bc4fc7f60792a3dbe59d1ab67b0750
at org.openqa.selenium.remote.codec.w3c.W3CHttpResponseCodec.createException(W3CHttpResponseCodec.java:200)
at org.openqa.selenium.remote.codec.w3c.W3CHttpResponseCodec.decode(W3CHttpResponseCodec.java:133)
at org.openqa.selenium.remote.codec.w3c.W3CHttpResponseCodec.decode(W3CHttpResponseCodec.java:53)
at org.openqa.selenium.remote.HttpCommandExecutor.execute(HttpCommandExecutor.java:193)
at org.openqa.selenium.remote.service.DriverCommandExecutor.invokeExecute(DriverCommandExecutor.java:183)
at org.openqa.selenium.remote.service.DriverCommandExecutor.execute(DriverCommandExecutor.java:158)
at org.openqa.selenium.remote.RemoteWebDriver.execute(RemoteWebDriver.java:543)
at org.openqa.selenium.remote.ElementLocation$ElementFinder$2.findElement(ElementLocation.java:162)
at org.openqa.selenium.remote.ElementLocation.findElement(ElementLocation.java:60)
at org.openqa.selenium.remote.RemoteWebDriver.findElement(RemoteWebDriver.java:352)
at org.openqa.selenium.remote.RemoteWebDriver.findElement(RemoteWebDriver.java:344)
at org.openqa.selenium.support.pagefactory.DefaultElementLocator.findElement(DefaultElementLocator.java:70)
at org.openqa.selenium.support.pagefactory.internal.LocatingElementHandler.invoke(LocatingElementHandler.java:39)
at com.sun.proxy.$Proxy15.getText(Unknown Source)
at com.tutorialninja.utility.Utility.getTextFromElement(Utility.java:61)
at com.tutorialninja.pages.MyAccountRegisterPage.getAccountHasBeenCreatedText(MyAccountRegisterPage.java:125)
at com.tutorialninja.testsuite.AccountRegisterPageTest.verifyThatUserRegisterAccountSuccessfully(AccountRegisterPageTest.java:59)
at java.util.ArrayList.forEach(ArrayList.java:1249)
... Removed 41 stack frames]]>
    </failure>
  </testcase> <!-- verifyThatUserRegisterAccountSuccessfully -->
  <testcase name="verifyUserShouldNavigateToRegisterPageSuccessfully" time="1.011" classname="com.tutorialninja.testsuite.AccountRegisterPageTest"/>
  <testcase name="verifyProductAddedToShoppingCartSuccessFully" time="19.559" classname="com.tutorialninja.testsuite.DeskTopTest"/>
  <testcase name="verifyProductArrangeInAlphaBaticalOrder" time="2.168" classname="com.tutorialninja.testsuite.DeskTopTest"/>
  <testcase name="verifyProductsPriceDisplayHighToLowSuccessfully" time="1.919" classname="com.tutorialninja.testsuite.LapTopsAndNoteBooksTest"/>
  <testcase name="verifyThatUserPlaceOrderSuccessfully" time="15.222" classname="com.tutorialninja.testsuite.LapTopsAndNoteBooksTest"/>
  <testcase name="verifyUserShouldNavigateToComponentsPageSuccessfully" time="20.874" classname="com.tutorialninja.testsuite.TopMenuTest"/>
  <testcase name="verifyUserShouldNavigateToDesktopsPageSuccessfully" time="21.593" classname="com.tutorialninja.testsuite.TopMenuTest"/>
  <testcase name="verifyUserShouldNavigateToLaptopsAndNotebooksPageSuccessfully" time="21.056" classname="com.tutorialninja.testsuite.TopMenuTest"/>
</testsuite> <!-- Command line test -->
